19:35:14.331 [main] INFO  org.testng.internal.Utils - [TestNG] Time taken by org.testng.reporters.FailedReporter@abf688e: 16 ms
19:35:14.352 [main] INFO  org.testng.internal.Utils - [TestNG] Time taken by org.testng.reporters.XMLReporter@a5bd950: 15 ms
19:35:14.360 [main] INFO  org.testng.internal.Utils - [TestNG] Time taken by org.testng.reporters.EmailableReporter2@62163b39: 8 ms
19:35:14.368 [main] INFO  org.testng.internal.Utils - [TestNG] Time taken by org.testng.reporters.JUnitReportReporter@57eda880: 8 ms
19:35:14.368 [main] INFO  org.testng.internal.Utils - [TestNG] Time taken by org.testng.internal.ExitCodeListener@2b5825fa: 0 ms
19:35:23.309 [main] DEBUG org.testng.TestNG - suiteXmlPath: "D:\Selenium-Workspace2\SDET_Framework1\groupings.xml"
19:35:23.787 [main] INFO  org.testng.internal.Utils - [TestNG] Running:
  D:\Selenium-Workspace2\SDET_Framework1\groupings.xml

19:35:28.465 [main] INFO  testCases.TC001_AccountRegistrationTest - ***** Starting TC001_AccountRegistrationTest ******
19:35:29.287 [main] INFO  testCases.TC001_AccountRegistrationTest - Clicked on My Account link..
19:35:29.788 [main] INFO  testCases.TC001_AccountRegistrationTest - Clicked on Register link..
19:35:29.790 [main] INFO  testCases.TC001_AccountRegistrationTest - Adding Customer details for Registration..
19:35:31.723 [main] INFO  testCases.TC001_AccountRegistrationTest - Validating the registration completion message..
19:35:31.772 [main] INFO  testCases.TC001_AccountRegistrationTest - ***** Finished TC001_AccountRegistrationTest ******
19:35:36.107 [main] INFO  testCases.TC002_LoginTest - ***** Starting TC002_LoginTest *****
19:35:40.296 [main] INFO  testCases.TC002_LoginTest - ***** Finished TC002_LoginTest *****
19:36:05.263 [main] DEBUG org.testng.TestNG - suiteXmlPath: "D:\Selenium-Workspace2\SDET_Framework1\groupings.xml"
19:36:05.680 [main] INFO  org.testng.internal.Utils - [TestNG] Running:
  D:\Selenium-Workspace2\SDET_Framework1\groupings.xml

19:36:10.256 [main] INFO  testCases.TC001_AccountRegistrationTest - ***** Starting TC001_AccountRegistrationTest ******
19:36:10.994 [main] INFO  testCases.TC001_AccountRegistrationTest - Clicked on My Account link..
19:36:11.548 [main] INFO  testCases.TC001_AccountRegistrationTest - Clicked on Register link..
19:36:11.553 [main] INFO  testCases.TC001_AccountRegistrationTest - Adding Customer details for Registration..
19:36:13.832 [main] INFO  testCases.TC001_AccountRegistrationTest - Validating the registration completion message..
19:36:13.904 [main] INFO  testCases.TC001_AccountRegistrationTest - ***** Finished TC001_AccountRegistrationTest ******
19:36:17.833 [main] INFO  testCases.TC002_LoginTest - ***** Starting TC002_LoginTest *****
19:36:22.062 [main] INFO  testCases.TC002_LoginTest - ***** Finished TC002_LoginTest *****
19:43:28.352 [main] DEBUG org.testng.TestNG - suiteXmlPath: "D:\Selenium-Workspace2\SDET_Framework1\groupings.xml"
19:43:29.006 [main] INFO  org.testng.internal.Utils - [TestNG] Running:
  D:\Selenium-Workspace2\SDET_Framework1\groupings.xml

19:43:33.739 [main] INFO  testCases.TC001_AccountRegistrationTest - ***** Starting TC001_AccountRegistrationTest ******
19:43:34.643 [main] INFO  testCases.TC001_AccountRegistrationTest - Clicked on My Account link..
19:43:35.293 [main] INFO  testCases.TC001_AccountRegistrationTest - Clicked on Register link..
19:43:35.298 [main] INFO  testCases.TC001_AccountRegistrationTest - Adding Customer details for Registration..
19:43:37.688 [main] INFO  testCases.TC001_AccountRegistrationTest - Validating the registration completion message..
19:43:37.743 [main] INFO  testCases.TC001_AccountRegistrationTest - ***** Finished TC001_AccountRegistrationTest ******
19:43:41.074 [main] INFO  testCases.TC002_LoginTest - ***** Starting TC002_LoginTest *****
19:43:45.226 [main] INFO  testCases.TC002_LoginTest - ***** Finished TC002_LoginTest *****
00:31:08.862 [main] DEBUG org.testng.TestNG - suiteXmlPath: "D:\Selenium-Workspace2\SDET_Framework1\groupings.xml"
00:31:09.554 [main] INFO  org.testng.internal.Utils - [TestNG] Running:
  D:\Selenium-Workspace2\SDET_Framework1\groupings.xml

00:31:16.464 [main] INFO  testCases.TC001_AccountRegistrationTest - ***** Starting TC001_AccountRegistrationTest ******
00:31:17.224 [main] INFO  testCases.TC001_AccountRegistrationTest - Clicked on My Account link..
00:31:17.885 [main] INFO  testCases.TC001_AccountRegistrationTest - Clicked on Register link..
00:31:17.889 [main] INFO  testCases.TC001_AccountRegistrationTest - Adding Customer details for Registration..
00:31:20.289 [main] INFO  testCases.TC001_AccountRegistrationTest - Validating the registration completion message..
00:31:20.357 [main] INFO  testCases.TC001_AccountRegistrationTest - ***** Finished TC001_AccountRegistrationTest ******
00:31:24.348 [main] INFO  testCases.TC002_LoginTest - ***** Starting TC002_LoginTest *****
00:31:28.551 [main] INFO  testCases.TC002_LoginTest - ***** Finished TC002_LoginTest *****
