17:11:40.522 [main] DEBUG org.apache.poi.openxml4j.opc.PackageRelationshipCollection - Parsing relationship: /_rels/.rels
17:11:40.583 [main] DEBUG org.apache.poi.openxml4j.opc.PackageRelationshipCollection - Parsing relationship: /xl/_rels/workbook.xml.rels
17:11:40.585 [main] DEBUG org.apache.poi.openxml4j.opc.PackageRelationshipCollection - Parsing relationship: /xl/worksheets/_rels/sheet1.xml.rels
17:11:40.586 [main] DEBUG org.apache.poi.openxml4j.opc.PackageRelationshipCollection - Parsing relationship: /_rels/.rels
17:11:40.611 [main] DEBUG org.apache.poi.openxml4j.opc.PackageRelationshipCollection - Parsing relationship: /xl/_rels/workbook.xml.rels
17:11:40.611 [main] DEBUG org.apache.poi.openxml4j.opc.PackageRelationshipCollection - Parsing relationship: /xl/worksheets/_rels/sheet1.xml.rels
17:11:40.614 [main] DEBUG org.apache.poi.openxml4j.opc.PackageRelationshipCollection - Parsing relationship: /_rels/.rels
17:11:40.639 [main] DEBUG org.apache.poi.openxml4j.opc.PackageRelationshipCollection - Parsing relationship: /xl/_rels/workbook.xml.rels
17:11:40.640 [main] DEBUG org.apache.poi.openxml4j.opc.PackageRelationshipCollection - Parsing relationship: /xl/worksheets/_rels/sheet1.xml.rels
17:11:40.641 [main] DEBUG org.apache.poi.openxml4j.opc.PackageRelationshipCollection - Parsing relationship: /_rels/.rels
17:11:40.665 [main] DEBUG org.apache.poi.openxml4j.opc.PackageRelationshipCollection - Parsing relationship: /xl/_rels/workbook.xml.rels
17:11:40.667 [main] DEBUG org.apache.poi.openxml4j.opc.PackageRelationshipCollection - Parsing relationship: /xl/worksheets/_rels/sheet1.xml.rels
17:11:40.668 [main] DEBUG org.apache.poi.openxml4j.opc.PackageRelationshipCollection - Parsing relationship: /_rels/.rels
17:11:40.689 [main] DEBUG org.apache.poi.openxml4j.opc.PackageRelationshipCollection - Parsing relationship: /xl/_rels/workbook.xml.rels
17:11:40.691 [main] DEBUG org.apache.poi.openxml4j.opc.PackageRelationshipCollection - Parsing relationship: /xl/worksheets/_rels/sheet1.xml.rels
17:11:40.692 [main] DEBUG org.apache.poi.openxml4j.opc.PackageRelationshipCollection - Parsing relationship: /_rels/.rels
17:11:40.715 [main] DEBUG org.apache.poi.openxml4j.opc.PackageRelationshipCollection - Parsing relationship: /xl/_rels/workbook.xml.rels
17:11:40.716 [main] DEBUG org.apache.poi.openxml4j.opc.PackageRelationshipCollection - Parsing relationship: /xl/worksheets/_rels/sheet1.xml.rels
17:11:40.717 [main] DEBUG org.apache.poi.openxml4j.opc.PackageRelationshipCollection - Parsing relationship: /_rels/.rels
17:11:40.739 [main] DEBUG org.apache.poi.openxml4j.opc.PackageRelationshipCollection - Parsing relationship: /xl/_rels/workbook.xml.rels
17:11:40.739 [main] DEBUG org.apache.poi.openxml4j.opc.PackageRelationshipCollection - Parsing relationship: /xl/worksheets/_rels/sheet1.xml.rels
17:11:40.740 [main] DEBUG org.apache.poi.openxml4j.opc.PackageRelationshipCollection - Parsing relationship: /_rels/.rels
18:45:45.593 [main] DEBUG org.testng.TestNG - suiteXmlPath: "D:\Selenium-Workspace2\SDET_Framework1\groupings.xml"
18:45:45.971 [main] INFO  org.testng.internal.Utils - [TestNG] Running:
  D:\Selenium-Workspace2\SDET_Framework1\groupings.xml

18:46:45.651 [main] DEBUG org.testng.TestNG - suiteXmlPath: "D:\Selenium-Workspace2\SDET_Framework1\groupings.xml"
18:46:45.892 [main] INFO  org.testng.internal.Utils - [TestNG] Running:
  D:\Selenium-Workspace2\SDET_Framework1\groupings.xml

18:47:43.018 [main] DEBUG org.testng.TestNG - suiteXmlPath: "D:\Selenium-Workspace2\SDET_Framework1\groupings.xml"
18:47:43.270 [main] INFO  org.testng.internal.Utils - [TestNG] Running:
  D:\Selenium-Workspace2\SDET_Framework1\groupings.xml

18:47:48.971 [main] INFO  testCases.TC002_LoginTest - ***** Starting TC002_LoginTest *****
18:47:51.749 [main] INFO  testCases.TC002_LoginTest - ***** Finished TC002_LoginTest *****
18:48:06.795 [main] DEBUG org.testng.TestNG - suiteXmlPath: "D:\Selenium-Workspace2\SDET_Framework1\groupings.xml"
18:48:07.045 [main] INFO  org.testng.internal.Utils - [TestNG] Running:
  D:\Selenium-Workspace2\SDET_Framework1\groupings.xml

18:48:09.684 [main] INFO  testCases.TC001_AccountRegistrationTest - ***** Starting TC001_AccountRegistrationTest ******
18:48:10.370 [main] INFO  testCases.TC001_AccountRegistrationTest - Clicked on My Account link..
18:48:10.832 [main] INFO  testCases.TC001_AccountRegistrationTest - Clicked on Register link..
18:48:10.835 [main] INFO  testCases.TC001_AccountRegistrationTest - Adding Customer details for Registration..
18:48:12.510 [main] INFO  testCases.TC001_AccountRegistrationTest - Validating the registration completion message..
18:48:12.548 [main] INFO  testCases.TC001_AccountRegistrationTest - ***** Finished TC001_AccountRegistrationTest ******
19:42:44.673 [main] DEBUG org.testng.TestNG - suiteXmlPath: "D:\Selenium-Workspace2\SDET_Framework1\groupings.xml"
19:42:44.982 [main] INFO  org.testng.internal.Utils - [TestNG] Running:
  D:\Selenium-Workspace2\SDET_Framework1\groupings.xml

