00:30:47.884 [main] INFO  testCases.TC002_LoginTest - ***** Adding Login page  details *****
00:31:47.214 [main] DEBUG org.testng.TestNG - suiteXmlPath: "D:\Selenium-Workspace2\SDET_Framework1\ngrid.xml"
00:31:47.641 [main] INFO  org.testng.internal.Utils - [TestNG] Running:
  D:\Selenium-Workspace2\SDET_Framework1\ngrid.xml

00:31:54.583 [main] INFO  testCases.TC001_AccountRegistrationTest - ***** Starting TC001_AccountRegistrationTest ******
00:31:55.326 [main] INFO  testCases.TC001_AccountRegistrationTest - Clicked on My Account link..
00:31:55.522 [main] INFO  testCases.TC001_AccountRegistrationTest - Clicked on Register link..
00:31:55.526 [main] INFO  testCases.TC001_AccountRegistrationTest - Adding Customer details for Registration..
00:31:57.380 [main] INFO  testCases.TC001_AccountRegistrationTest - Validating the registration completion message..
00:31:57.442 [main] INFO  testCases.TC001_AccountRegistrationTest - ***** Finished TC001_AccountRegistrationTest ******
00:32:04.250 [main] INFO  testCases.TC002_LoginTest - ***** Starting TC002_LoginTest *****
00:32:05.112 [main] INFO  testCases.TC002_LoginTest - ***** Adding Login page  details *****
00:32:08.331 [main] INFO  testCases.TC002_LoginTest - ***** My Account page Validations *****
00:32:08.444 [main] INFO  testCases.TC002_LoginTest - ***** Finished TC002_LoginTest *****
00:32:33.729 [main] DEBUG org.testng.TestNG - suiteXmlPath: "D:\Selenium-Workspace2\SDET_Framework1\ngrid.xml"
00:32:34.101 [main] INFO  org.testng.internal.Utils - [TestNG] Running:
  D:\Selenium-Workspace2\SDET_Framework1\ngrid.xml

00:32:40.506 [main] INFO  testCases.TC001_AccountRegistrationTest - ***** Starting TC001_AccountRegistrationTest ******
00:32:41.451 [main] INFO  testCases.TC001_AccountRegistrationTest - Clicked on My Account link..
00:32:42.059 [main] INFO  testCases.TC001_AccountRegistrationTest - Clicked on Register link..
00:32:42.064 [main] INFO  testCases.TC001_AccountRegistrationTest - Adding Customer details for Registration..
00:32:44.734 [main] INFO  testCases.TC001_AccountRegistrationTest - Validating the registration completion message..
00:32:44.835 [main] INFO  testCases.TC001_AccountRegistrationTest - ***** Finished TC001_AccountRegistrationTest ******
00:32:46.641 [main] INFO  testCases.TC002_LoginTest - ***** Starting TC002_LoginTest *****
00:32:47.701 [main] INFO  testCases.TC002_LoginTest - ***** Adding Login page  details *****
00:32:51.108 [main] INFO  testCases.TC002_LoginTest - ***** My Account page Validations *****
00:32:51.268 [main] INFO  testCases.TC002_LoginTest - ***** Finished TC002_LoginTest *****
00:32:59.556 [main] INFO  testCases.TC001_AccountRegistrationTest - ***** Starting TC001_AccountRegistrationTest ******
00:33:00.313 [main] INFO  testCases.TC001_AccountRegistrationTest - Clicked on My Account link..
00:33:00.499 [main] INFO  testCases.TC001_AccountRegistrationTest - Clicked on Register link..
00:33:00.500 [main] INFO  testCases.TC001_AccountRegistrationTest - Adding Customer details for Registration..
00:33:02.643 [main] INFO  testCases.TC001_AccountRegistrationTest - Validating the registration completion message..
00:33:02.702 [main] INFO  testCases.TC001_AccountRegistrationTest - ***** Finished TC001_AccountRegistrationTest ******
00:33:07.374 [main] INFO  testCases.TC002_LoginTest - ***** Starting TC002_LoginTest *****
00:33:08.265 [main] INFO  testCases.TC002_LoginTest - ***** Adding Login page  details *****
00:33:11.512 [main] INFO  testCases.TC002_LoginTest - ***** My Account page Validations *****
00:33:11.615 [main] INFO  testCases.TC002_LoginTest - ***** Finished TC002_LoginTest *****
01:01:03.301 [main] DEBUG org.testng.TestNG - suiteXmlPath: "D:\Selenium-Workspace2\SDET_Framework1\ngrid.xml"
01:01:03.847 [main] INFO  org.testng.internal.Utils - [TestNG] Running:
  D:\Selenium-Workspace2\SDET_Framework1\ngrid.xml

01:01:11.777 [main] INFO  testCases.TC001_AccountRegistrationTest - ***** Starting TC001_AccountRegistrationTest ******
01:01:12.550 [main] INFO  testCases.TC001_AccountRegistrationTest - Clicked on My Account link..
01:01:13.119 [main] INFO  testCases.TC001_AccountRegistrationTest - Clicked on Register link..
01:01:13.122 [main] INFO  testCases.TC001_AccountRegistrationTest - Adding Customer details for Registration..
01:01:15.550 [main] INFO  testCases.TC001_AccountRegistrationTest - Validating the registration completion message..
01:01:15.648 [main] INFO  testCases.TC001_AccountRegistrationTest - ***** Finished TC001_AccountRegistrationTest ******
01:01:20.054 [main] INFO  testCases.TC002_LoginTest - ***** Starting TC002_LoginTest *****
01:01:21.246 [main] INFO  testCases.TC002_LoginTest - ***** Adding Login page  details *****
01:01:24.877 [main] INFO  testCases.TC002_LoginTest - ***** My Account page Validations *****
01:01:25.030 [main] INFO  testCases.TC002_LoginTest - ***** Finished TC002_LoginTest *****
01:01:36.865 [main] INFO  testCases.TC001_AccountRegistrationTest - ***** Starting TC001_AccountRegistrationTest ******
